<?xml version="1.0" encoding="UTF-8"?>
<testsuite name="com.musica.runners.ConexionRunner" tests="0" skipped="0" failures="0" errors="0" timestamp="1970-01-01T00:00:00" hostname="DESKTOP-O2DR5BF" time="0.0">
  <properties/>
  <system-out><![CDATA[
?[33mUndefined scenarios:?[0m
?[33msrc/test/resources/features/conexion.feature:4 ?[0m# prueba de conexion con spotyfy

1 Scenarios (?[33m1 undefined?[0m)
1 Steps (?[33m1 undefined?[0m)
0m0,038s


You can implement missing steps with the snippets below:

@Dado("me conecto a spotify exitosamente")
public void me_conecto_a_spotify_exitosamente() {
    // Write code here that turns the phrase above into concrete actions
    throw new cucumber.api.PendingException();
}


]]></system-out>
  <system-err><![CDATA[]]></system-err>
</testsuite>
